  client_main.c
D:\GitStuff\Operating_Systems_Ex2\BullsCow\Client\Ex4_205892334_308034107\Ex4_205892334_308034107\client_main.c(49,24): warning C4013: 'len' undefined; assuming extern returning int
D:\GitStuff\Operating_Systems_Ex2\BullsCow\Client\Ex4_205892334_308034107\Ex4_205892334_308034107\client_main.c(49,48): warning C4047: '==': 'char [20]' differs in levels of indirection from 'int'
D:\GitStuff\Operating_Systems_Ex2\BullsCow\Client\Ex4_205892334_308034107\Ex4_205892334_308034107\client_main.c(49,78): warning C4047: 'function': 'int' differs in levels of indirection from 'char [20]'
D:\GitStuff\Operating_Systems_Ex2\BullsCow\Client\Ex4_205892334_308034107\Ex4_205892334_308034107\client_main.c(49,61): warning C4024: 'isdigit': different types for formal and actual parameter 1
D:\GitStuff\Operating_Systems_Ex2\BullsCow\Client\Ex4_205892334_308034107\Ex4_205892334_308034107\client_main.c(22,2): warning C4047: 'initializing': 'char' differs in levels of indirection from 'void *'
D:\GitStuff\Operating_Systems_Ex2\BullsCow\Client\Ex4_205892334_308034107\Ex4_205892334_308034107\client_main.c(28,3): error C4996: 'scanf': This function or variable may be unsafe. Consider using scanf_s instead. To disable deprecation, use _CRT_SECURE_NO_WARNINGS. See online help for details.
D:\GitStuff\Operating_Systems_Ex2\BullsCow\Client\Ex4_205892334_308034107\Ex4_205892334_308034107\client_main.c(31,9): warning C4101: 'temp': unreferenced local variable
D:\GitStuff\Operating_Systems_Ex2\BullsCow\Client\Ex4_205892334_308034107\Ex4_205892334_308034107\client_main.c(73,34): warning C4047: '==': 'char [20]' differs in levels of indirection from 'int'
D:\GitStuff\Operating_Systems_Ex2\BullsCow\Client\Ex4_205892334_308034107\Ex4_205892334_308034107\client_main.c(73,64): warning C4047: 'function': 'int' differs in levels of indirection from 'char [20]'
D:\GitStuff\Operating_Systems_Ex2\BullsCow\Client\Ex4_205892334_308034107\Ex4_205892334_308034107\client_main.c(73,47): warning C4024: 'isdigit': different types for formal and actual parameter 1
D:\GitStuff\Operating_Systems_Ex2\BullsCow\Client\Ex4_205892334_308034107\Ex4_205892334_308034107\client_main.c(66,2): warning C4047: 'initializing': 'char' differs in levels of indirection from 'void *'
D:\GitStuff\Operating_Systems_Ex2\BullsCow\Client\Ex4_205892334_308034107\Ex4_205892334_308034107\client_main.c(72,3): error C4996: 'scanf': This function or variable may be unsafe. Consider using scanf_s instead. To disable deprecation, use _CRT_SECURE_NO_WARNINGS. See online help for details.
D:\GitStuff\Operating_Systems_Ex2\BullsCow\Client\Ex4_205892334_308034107\Ex4_205892334_308034107\client_main.c(122,10): warning C4477: 'scanf' : format string '%s' requires an argument of type 'char *', but variadic argument 1 has type 'int *'
D:\GitStuff\Operating_Systems_Ex2\BullsCow\Client\Ex4_205892334_308034107\Ex4_205892334_308034107\client_main.c(94,1): warning C4047: 'initializing': 'char' differs in levels of indirection from 'void *'
D:\GitStuff\Operating_Systems_Ex2\BullsCow\Client\Ex4_205892334_308034107\Ex4_205892334_308034107\client_main.c(102,3): error C4996: 'strcpy': This function or variable may be unsafe. Consider using strcpy_s instead. To disable deprecation, use _CRT_SECURE_NO_WARNINGS. See online help for details.
D:\GitStuff\Operating_Systems_Ex2\BullsCow\Client\Ex4_205892334_308034107\Ex4_205892334_308034107\client_main.c(122,4): error C4996: 'scanf': This function or variable may be unsafe. Consider using scanf_s instead. To disable deprecation, use _CRT_SECURE_NO_WARNINGS. See online help for details.
D:\GitStuff\Operating_Systems_Ex2\BullsCow\Client\Ex4_205892334_308034107\Ex4_205892334_308034107\client_main.c(166,4): error C4996: 'scanf': This function or variable may be unsafe. Consider using scanf_s instead. To disable deprecation, use _CRT_SECURE_NO_WARNINGS. See online help for details.
D:\GitStuff\Operating_Systems_Ex2\BullsCow\Client\Ex4_205892334_308034107\Ex4_205892334_308034107\client_main.c(194,3): error C4996: 'strcpy': This function or variable may be unsafe. Consider using strcpy_s instead. To disable deprecation, use _CRT_SECURE_NO_WARNINGS. See online help for details.
D:\GitStuff\Operating_Systems_Ex2\BullsCow\Client\Ex4_205892334_308034107\Ex4_205892334_308034107\client_main.c(242,9): warning C4477: 'scanf' : format string '%s' requires an argument of type 'char *', but variadic argument 1 has type 'int *'
D:\GitStuff\Operating_Systems_Ex2\BullsCow\Client\Ex4_205892334_308034107\Ex4_205892334_308034107\client_main.c(242,3): error C4996: 'scanf': This function or variable may be unsafe. Consider using scanf_s instead. To disable deprecation, use _CRT_SECURE_NO_WARNINGS. See online help for details.
D:\GitStuff\Operating_Systems_Ex2\BullsCow\Client\Ex4_205892334_308034107\Ex4_205892334_308034107\client_main.c(269,1): warning C4029: declared formal parameter list different from definition
D:\GitStuff\Operating_Systems_Ex2\BullsCow\Client\Ex4_205892334_308034107\Ex4_205892334_308034107\client_main.c(284,45): warning C4133: '=': incompatible types - from 'timeval *' to 'timeval *'
D:\GitStuff\Operating_Systems_Ex2\BullsCow\Client\Ex4_205892334_308034107\Ex4_205892334_308034107\client_main.c(292,26): warning C4047: 'function': 'int' differs in levels of indirection from 'void *'
D:\GitStuff\Operating_Systems_Ex2\BullsCow\Client\Ex4_205892334_308034107\Ex4_205892334_308034107\client_main.c(292,22): warning C4024: 'select': different types for formal and actual parameter 1
D:\GitStuff\Operating_Systems_Ex2\BullsCow\Client\Ex4_205892334_308034107\Ex4_205892334_308034107\client_main.c(389,3): error C4996: 'strcpy': This function or variable may be unsafe. Consider using strcpy_s instead. To disable deprecation, use _CRT_SECURE_NO_WARNINGS. See online help for details.
D:\GitStuff\Operating_Systems_Ex2\BullsCow\Client\Ex4_205892334_308034107\Ex4_205892334_308034107\client_main.c(397,3): error C4996: 'scanf': This function or variable may be unsafe. Consider using scanf_s instead. To disable deprecation, use _CRT_SECURE_NO_WARNINGS. See online help for details.
D:\GitStuff\Operating_Systems_Ex2\BullsCow\Client\Ex4_205892334_308034107\Ex4_205892334_308034107\client_main.c(512,143): warning C4133: 'function': incompatible types - from 'MessThreadInput *' to 'sendThreadInput *'
D:\GitStuff\Operating_Systems_Ex2\BullsCow\Client\Ex4_205892334_308034107\Ex4_205892334_308034107\client_main.c(432,32): warning C4101: 'TransmissionRes': unreferenced local variable
D:\GitStuff\Operating_Systems_Ex2\BullsCow\Client\Ex4_205892334_308034107\Ex4_205892334_308034107\client_main.c(583,10): warning C4477: 'scanf' : format string '%s' requires an argument of type 'char *', but variadic argument 1 has type 'int *'
D:\GitStuff\Operating_Systems_Ex2\BullsCow\Client\Ex4_205892334_308034107\Ex4_205892334_308034107\client_main.c(569,34): error C4996: 'inet_addr': Use inet_pton() or InetPton() instead or define _WINSOCK_DEPRECATED_NO_WARNINGS to disable deprecated API warnings
D:\GitStuff\Operating_Systems_Ex2\BullsCow\Client\Ex4_205892334_308034107\Ex4_205892334_308034107\client_main.c(583,4): error C4996: 'scanf': This function or variable may be unsafe. Consider using scanf_s instead. To disable deprecation, use _CRT_SECURE_NO_WARNINGS. See online help for details.
D:\GitStuff\Operating_Systems_Ex2\BullsCow\Client\Ex4_205892334_308034107\Ex4_205892334_308034107\client_main.c(702,32): warning C4013: 'CreateThreadSimple' undefined; assuming extern returning int
D:\GitStuff\Operating_Systems_Ex2\BullsCow\Client\Ex4_205892334_308034107\Ex4_205892334_308034107\client_main.c(702,79): warning C4047: '=': 'HANDLE' differs in levels of indirection from 'int'
D:\GitStuff\Operating_Systems_Ex2\BullsCow\Client\Ex4_205892334_308034107\Ex4_205892334_308034107\client_main.c(630,1): warning C4047: 'initializing': 'DWORD' differs in levels of indirection from 'void *'
D:\GitStuff\Operating_Systems_Ex2\BullsCow\Client\Ex4_205892334_308034107\Ex4_205892334_308034107\client_main.c(633,14): warning C4101: 'clientService': unreferenced local variable
  client_sendrecievefuncs.c
D:\GitStuff\Operating_Systems_Ex2\BullsCow\Client\Ex4_205892334_308034107\Ex4_205892334_308034107\client_sendrecievefuncs.c(14,19): warning C4267: '=': conversion from 'size_t' to 'int', possible loss of data
D:\GitStuff\Operating_Systems_Ex2\BullsCow\Client\Ex4_205892334_308034107\Ex4_205892334_308034107\client_sendrecievefuncs.c(141,12): warning C4552: '!=': result of expression not used
D:\GitStuff\Operating_Systems_Ex2\BullsCow\Client\Ex4_205892334_308034107\Ex4_205892334_308034107\client_sendrecievefuncs.c(137,3): error C4996: 'sprintf': This function or variable may be unsafe. Consider using sprintf_s instead. To disable deprecation, use _CRT_SECURE_NO_WARNINGS. See online help for details.
D:\GitStuff\Operating_Systems_Ex2\BullsCow\Client\Ex4_205892334_308034107\Ex4_205892334_308034107\client_sendrecievefuncs.c(140,3): error C4996: 'sprintf': This function or variable may be unsafe. Consider using sprintf_s instead. To disable deprecation, use _CRT_SECURE_NO_WARNINGS. See online help for details.
D:\GitStuff\Operating_Systems_Ex2\BullsCow\Client\Ex4_205892334_308034107\Ex4_205892334_308034107\client_sendrecievefuncs.c(143,4): error C4996: 'sprintf': This function or variable may be unsafe. Consider using sprintf_s instead. To disable deprecation, use _CRT_SECURE_NO_WARNINGS. See online help for details.
D:\GitStuff\Operating_Systems_Ex2\BullsCow\Client\Ex4_205892334_308034107\Ex4_205892334_308034107\client_sendrecievefuncs.c(146,3): error C4996: 'sprintf': This function or variable may be unsafe. Consider using sprintf_s instead. To disable deprecation, use _CRT_SECURE_NO_WARNINGS. See online help for details.
D:\GitStuff\Operating_Systems_Ex2\BullsCow\Client\Ex4_205892334_308034107\Ex4_205892334_308034107\client_sendrecievefuncs.c(187,29): warning C4267: '=': conversion from 'size_t' to 'int', possible loss of data
D:\GitStuff\Operating_Systems_Ex2\BullsCow\Client\Ex4_205892334_308034107\Ex4_205892334_308034107\client_sendrecievefuncs.c(186,13): error C4996: 'strtok': This function or variable may be unsafe. Consider using strtok_s instead. To disable deprecation, use _CRT_SECURE_NO_WARNINGS. See online help for details.
D:\GitStuff\Operating_Systems_Ex2\BullsCow\Client\Ex4_205892334_308034107\Ex4_205892334_308034107\client_sendrecievefuncs.c(200,18): error C4996: 'strtok': This function or variable may be unsafe. Consider using strtok_s instead. To disable deprecation, use _CRT_SECURE_NO_WARNINGS. See online help for details.
  client_threadfuncs.c
  Generating Code...
