  ThreadsAndThreadsFunctions.c
D:\GitStuff\Operating_Systems_Ex2\Caesar\ThreadsAndThreadsFunctions.c(19,37): warning C4018: '<=': signed/unsigned mismatch
D:\GitStuff\Operating_Systems_Ex2\Caesar\ThreadsAndThreadsFunctions.c(24,16): warning C4018: '<': signed/unsigned mismatch
D:\GitStuff\Operating_Systems_Ex2\Caesar\ThreadsAndThreadsFunctions.c(12,9): warning C4101: 'j': unreferenced local variable
D:\GitStuff\Operating_Systems_Ex2\Caesar\ThreadsAndThreadsFunctions.c(16,37): warning C4101: 'dwPos': unreferenced local variable
D:\GitStuff\Operating_Systems_Ex2\Caesar\ThreadsAndThreadsFunctions.c(67,37): warning C4018: '<=': signed/unsigned mismatch
D:\GitStuff\Operating_Systems_Ex2\Caesar\ThreadsAndThreadsFunctions.c(72,16): warning C4018: '<': signed/unsigned mismatch
D:\GitStuff\Operating_Systems_Ex2\Caesar\ThreadsAndThreadsFunctions.c(60,9): warning C4101: 'j': unreferenced local variable
D:\GitStuff\Operating_Systems_Ex2\Caesar\ThreadsAndThreadsFunctions.c(64,37): warning C4101: 'dwPos': unreferenced local variable
D:\GitStuff\Operating_Systems_Ex2\Caesar\ThreadsAndThreadsFunctions.c(182,20): warning C4098: 'CheckThreadsStatus': 'void' function returning a value
D:\GitStuff\Operating_Systems_Ex2\Caesar\ThreadsAndThreadsFunctions.c(198,16): warning C4018: '<': signed/unsigned mismatch
D:\GitStuff\Operating_Systems_Ex2\Caesar\ThreadsAndThreadsFunctions.c(204,21): warning C4098: 'CheckThreadsStatus': 'void' function returning a value
D:\GitStuff\Operating_Systems_Ex2\Caesar\ThreadsAndThreadsFunctions.c(255,27): warning C4047: '==': 'int' differs in levels of indirection from 'void *'
D:\GitStuff\Operating_Systems_Ex2\Caesar\ThreadsAndThreadsFunctions.c(266,32): warning C4047: '!=': 'int' differs in levels of indirection from 'void *'
D:\GitStuff\Operating_Systems_Ex2\Caesar\ThreadsAndThreadsFunctions.c(331,1): warning C4047: 'initializing': 'errno_t' differs in levels of indirection from 'void *'
D:\GitStuff\Operating_Systems_Ex2\Caesar\ThreadsAndThreadsFunctions.c(159): warning C4716: 'Decipher_Or_Encrypt': must return a value
D:\GitStuff\Operating_Systems_Ex2\Caesar\ThreadsAndThreadsFunctions.c(306): warning C4716: 'SplitTheWorkUniformlyAndSetLeftOverThreadWithZeroLines': must return a value
D:\GitStuff\Operating_Systems_Ex2\Caesar\ThreadsAndThreadsFunctions.c(387): warning C4715: 'Split_The_File_For_Each_Thread_Return_Int_Array_With_Starting_And_Ending_Row_Indexs': not all control paths return a value
D:\GitStuff\Operating_Systems_Ex2\Caesar\ThreadsAndThreadsFunctions.c(287): warning C4715: 'Return_Output_Path_From_Input_Path': not all control paths return a value
D:\GitStuff\Operating_Systems_Ex2\Caesar\ThreadsAndThreadsFunctions.c(326): warning C4716: 'SplitTheWorkEvenlyForAllThreads': must return a value
  Caesar.vcxproj -> D:\GitStuff\Operating_Systems_Ex2\Caesar\Debug\Caesar.exe
